Warning: Using a password on the command line interface can be insecure.
# Percona Toolkit MySQL Summary Report #######################
              System time | 2015-08-11 16:10:49 UTC (local TZ: EDT -0400)
# Instances ##################################################
  Port  Data Directory             Nice OOM Socket
  ===== ========================== ==== === ======
        /usr/local/mysql/data      0    ?   
# MySQL Executable ###########################################
       Path to executable | /usr/local/mysql/bin/mysqld
              Has symbols | Yes
# Report On Port 3306 ########################################
                     User | test@localhost
                     Time | 2015-08-11 12:10:49 (EDT)
                 Hostname | Bens-MacBook-Air.local
                  Version | 5.6.20 MySQL Community Server (GPL)
                 Built On | osx10.8 x86_64
                  Started | 2015-08-11 12:08 (up 0+00:02:13)
                Databases | 5
                  Datadir | /usr/local/mysql/data/
                Processes | 1 connected, 1 running
              Replication | Is not a slave, has 0 slaves connected
                  Pidfile | /usr/local/mysql/data/Bens-MacBook-Air.local.pid (exists)
# Processlist ################################################

  Command                        COUNT(*) Working SUM(Time) MAX(Time)
  ------------------------------ -------- ------- --------- ---------
  Query                                 1       1         0         0

  User                           COUNT(*) Working SUM(Time) MAX(Time)
  ------------------------------ -------- ------- --------- ---------
  test                                  1       1         0         0

  Host                           COUNT(*) Working SUM(Time) MAX(Time)
  ------------------------------ -------- ------- --------- ---------
  localhost                             1       1         0         0

  db                             COUNT(*) Working SUM(Time) MAX(Time)
  ------------------------------ -------- ------- --------- ---------
  NULL                                  1       1         0         0

  State                          COUNT(*) Working SUM(Time) MAX(Time)
  ------------------------------ -------- ------- --------- ---------
  init                                  1       1         0         0

# Status Counters (Wait 10 Seconds) ##########################
Variable                                Per day  Per second     10 secs
Aborted_connects                          30000                        
Bytes_received                         12500000         150         600
Bytes_sent                             90000000        1000        3000
Com_change_db                              1250                        
Com_select                                30000                       2
Com_set_option                             8000                       1
Com_show_binlogs                           1250                        
Com_show_create_db                          600                        
Com_show_create_table                      2000                        
Com_show_databases                         1250                        
Com_show_engine_status                     1250                        
Com_show_fields                            2000                        
Com_show_function_status                    600                        
Com_show_master_status                     1250                        
Com_show_plugins                           1250                        
Com_show_procedure_status                   600                        
Com_show_processlist                       1250                        
Com_show_slave_status                      1250                        
Com_show_status                            5000                        
Com_show_table_status                      2000                        
Com_show_tables                             600                        
Com_show_variables                         3000                        
Connections                               50000                       1
Created_tmp_disk_tables                   20000                       1
Created_tmp_files                          3000                        
Created_tmp_tables                       100000           1           8
Flush_commands                              600                        
Handler_external_lock                     90000           1            
Handler_read_first                         3000                        
Handler_read_next                          1250                        
Handler_read_rnd_next                   2500000          30          45
Handler_write                           2500000          30          40
Innodb_buffer_pool_bytes_data        4500000000       50000            
Innodb_buffer_pool_pages_flushed            600                        
Innodb_buffer_pool_read_requests        5000000          60            
Innodb_buffer_pool_reads                 250000           3            
Innodb_buffer_pool_write_requests           600                        
Innodb_data_fsyncs                         3000                        
Innodb_data_read                     4500000000       50000            
Innodb_data_reads                        300000           3            
Innodb_data_writes                         3000                        
Innodb_data_written                    22500000         250            
Innodb_dblwr_pages_written                  600                        
Innodb_dblwr_writes                         600                        
Innodb_log_writes                           600                        
Innodb_os_log_fsyncs                       2000                        
Innodb_os_log_written                    350000           3            
Innodb_pages_read                        250000           3            
Innodb_pages_written                        600                        
Innodb_num_open_files                      6000                        
Innodb_available_undo_logs                80000                        
Key_read_requests                          5000                        
Key_reads                                  1250                        
Open_table_definitions                    45000                        
Opened_files                             150000           1           7
Opened_table_definitions                  45000                        
Opened_tables                             45000                        
Qcache_not_cached                         30000                       2
Queries                                   90000           1           7
Questions                                 90000           1           7
Select_full_join                           2000                        
Select_scan                               20000                       1
Sort_scan                                  1250                        
Table_locks_immediate                     45000                        
Table_open_cache_hits                      8000                       1
Table_open_cache_misses                   45000                        
Threads_created                             600                        
Uptime                                    90000           1           1
# Table cache ################################################
                     Size | 2000
                    Usage | 3%
# Key Percona Server features ################################
      Table & Index Stats | Not Supported
     Multiple I/O Threads | Enabled
     Corruption Resilient | Not Supported
      Durable Replication | Not Supported
     Import InnoDB Tables | Not Supported
     Fast Server Restarts | Not Supported
         Enhanced Logging | Not Supported
     Replica Perf Logging | Disabled
      Response Time Hist. | Not Supported
          Smooth Flushing | Not Supported
      HandlerSocket NoSQL | Not Supported
           Fast Hash UDFs | Unknown
# Percona XtraDB Cluster #####################################
# Plugins ####################################################
       InnoDB compression | ACTIVE
# Query cache ################################################
         query_cache_type | OFF
                     Size | 1.0M
                    Usage | 1%
         HitToInsertRatio | 0%
# Schema #####################################################

  Database Tables Views SPs Trigs Funcs   FKs Partn
  rails         3                           1      

  Database InnoDB
  rails         3

  Database BTREE
  rails        5

             i   v   d
             n   a   a
             t   r   t
                 c   e
                 h   t
                 a   i
                 r   m
                     e
  Database === === ===
  rails      6   4   4

# Noteworthy Technologies ####################################
       Full Text Indexing | No
         Geospatial Types | No
             Foreign Keys | Yes
             Partitioning | No
       InnoDB Compression | No
                      SSL | No
     Explicit LOCK TABLES | No
           Delayed Insert | No
          XA Transactions | No
              NDB Cluster | No
      Prepared Statements | No
 Prepared statement count | 0
# InnoDB #####################################################
                  Version | 5.6.20
         Buffer Pool Size | 128.0M
         Buffer Pool Fill | 5%
        Buffer Pool Dirty | 0%
           File Per Table | ON
                Page Size | 16k
            Log File Size | 2 * 48.0M = 96.0M
          Log Buffer Size | 8M
             Flush Method | 
      Flush Log At Commit | 1
               XA Support | ON
                Checksums | ON
              Doublewrite | ON
          R/W I/O Threads | 4 4
             I/O Capacity | 200
       Thread Concurrency | 0
      Concurrency Tickets | 5000
       Commit Concurrency | 0
      Txn Isolation Level | REPEATABLE-READ
        Adaptive Flushing | ON
      Adaptive Checkpoint | 
# MyISAM #####################################################
                Key Cache | 8.0M
                 Pct Used | 20%
                Unflushed | 0%
# Security ###################################################
                    Users | 
            Old Passwords | 0
# Binary Logging #############################################
# Noteworthy Variables #######################################
     Auto-Inc Incr/Offset | 1/1
   default_storage_engine | InnoDB
               flush_time | 0
             init_connect | 
                init_file | 
                 sql_mode | STRICT_TRANS_TABLES,NO_ENGINE_SUBSTITUTION
         join_buffer_size | 256k
         sort_buffer_size | 256k
         read_buffer_size | 128k
     read_rnd_buffer_size | 256k
       bulk_insert_buffer | 0.00
      max_heap_table_size | 16M
           tmp_table_size | 16M
       max_allowed_packet | 4M
             thread_stack | 256k
                      log | 
                log_error | /usr/local/mysql/data/Bens-MacBook-Air.local.err
             log_warnings | 1
         log_slow_queries | 
log_queries_not_using_indexes | OFF
        log_slave_updates | OFF
# Configuration File #########################################
              Config File | Cannot autodetect or find, giving up
# The End ####################################################
